<?xml version="1.0" encoding="UTF-8" ?>
<testsuite errors="0" failures="0" hostname="Jacobs-MacBook-Pro.local" name="simpledb.RecordIdTest" skipped="0" tests="4" time="0.054" timestamp="2016-02-15T21:59:12">
  <properties>
[...]
</properties>
  <testcase classname="simpledb.RecordIdTest" name="equals" time="0.008" />
  <testcase classname="simpledb.RecordIdTest" name="tupleno" time="0.0" />
  <testcase classname="simpledb.RecordIdTest" name="hCode" time="0.0" />
  <testcase classname="simpledb.RecordIdTest" name="getPageId" time="0.0" />
  <system-out><![CDATA[]]></system-out>
  <system-err><![CDATA[]]></system-err>
</testsuite>
